[2018-03-06 14:51:56,131] - [INFO] - 手机设备为：343b59350104
[2018-03-06 14:51:56,214] - [INFO] - 手机版本号为：6.0.1

[2018-03-06 14:52:24,070] - [INFO] - 获取driver成功
[2018-03-06 14:59:44,634] - [INFO] - 手机设备为：343b59350104
[2018-03-06 14:59:44,694] - [INFO] - 手机版本号为：6.0.1

[2018-03-06 15:00:05,708] - [INFO] - 获取driver成功
[2018-03-06 15:00:52,810] - [INFO] - 邮件发送成功
[2018-03-06 15:29:33,852] - [INFO] - 手机设备为：343b59350104
[2018-03-06 15:29:33,929] - [INFO] - 手机版本号为：6.0.1

[2018-03-06 15:29:56,527] - [INFO] - 获取driver成功
[2018-03-06 15:30:10,682] - [ERROR] - 未定位到元素：关注
[2018-03-06 15:30:28,875] - [INFO] - 邮件发送成功
[2018-03-06 15:33:48,670] - [INFO] - 手机设备为：343b59350104
[2018-03-06 15:33:48,728] - [INFO] - 手机版本号为：6.0.1

[2018-03-06 15:34:09,939] - [INFO] - 获取driver成功
[2018-03-06 15:34:41,552] - [INFO] - 手机设备为：343b59350104
[2018-03-06 15:34:41,597] - [INFO] - 手机版本号为：6.0.1

[2018-03-06 15:35:03,882] - [INFO] - 获取driver成功
[2018-03-06 15:37:35,001] - [INFO] - 手机设备为：343b59350104
[2018-03-06 15:37:35,065] - [INFO] - 手机版本号为：6.0.1

[2018-03-06 15:37:56,968] - [INFO] - 获取driver成功
[2018-03-06 15:38:09,807] - [ERROR] - 未定位到元素：关注
[2018-03-06 15:43:06,901] - [INFO] - 手机设备为：343b59350104
[2018-03-06 15:43:06,963] - [INFO] - 手机版本号为：6.0.1

[2018-03-06 15:43:27,968] - [INFO] - 获取driver成功
[2018-03-06 15:44:15,217] - [INFO] - 邮件发送成功
