[2018-03-04 17:51:07,276] - [WARNING] - 暂未获取到手机设备
[2018-03-04 17:51:07,350] - [INFO] - 手机版本号为：5.1

[2018-03-04 17:51:56,536] - [INFO] - 获取driver成功
[2018-03-04 17:52:47,241] - [ERROR] - 未定位到元素：推荐
[2018-03-04 17:53:02,632] - [ERROR] - 未定位到元素：com.youcai.android:id/home_tab_mine
[2018-03-04 17:55:40,827] - [INFO] - 手机设备为：WWOVPJ9T99999999
[2018-03-04 17:55:40,964] - [INFO] - 手机版本号为：5.1

[2018-03-04 17:56:43,412] - [INFO] - 获取driver成功
[2018-03-04 17:57:26,345] - [ERROR] - 未定位到元素：推荐
[2018-03-04 17:57:48,399] - [ERROR] - 未定位到元素：com.youcai.android:id/home_tab_mine
[2018-03-04 18:03:31,092] - [INFO] - 手机设备为：WWOVPJ9T99999999
[2018-03-04 18:03:31,211] - [INFO] - 手机版本号为：5.1

[2018-03-04 18:04:47,927] - [INFO] - 获取driver成功
[2018-03-04 18:05:26,231] - [ERROR] - 未定位到元素：推荐
[2018-03-04 18:05:44,747] - [ERROR] - 未定位到元素：com.youcai.android:id/home_tab_mine
[2018-03-04 18:09:43,564] - [INFO] - 手机设备为：WWOVPJ9T99999999
[2018-03-04 18:09:43,661] - [INFO] - 手机版本号为：5.1

[2018-03-04 18:10:37,140] - [INFO] - 获取driver成功
[2018-03-04 18:11:19,392] - [ERROR] - 未定位到元素：推荐
[2018-03-04 18:11:35,878] - [ERROR] - 未定位到元素：com.youcai.android:id/home_tab_mine
[2018-03-04 18:13:12,941] - [INFO] - 手机设备为：WWOVPJ9T99999999
[2018-03-04 18:13:13,046] - [INFO] - 手机版本号为：5.1

[2018-03-04 18:13:55,573] - [INFO] - 获取driver成功
[2018-03-04 18:14:40,137] - [ERROR] - 未定位到元素：推荐
[2018-03-04 18:14:53,836] - [ERROR] - 未定位到元素：com.youcai.android:id/home_tab_mine
[2018-03-04 18:18:43,955] - [INFO] - 手机设备为：WWOVPJ9T99999999
[2018-03-04 18:18:44,038] - [INFO] - 手机版本号为：5.1

[2018-03-04 18:19:22,031] - [INFO] - 获取driver成功
[2018-03-04 18:20:02,117] - [ERROR] - 未定位到元素：推荐
[2018-03-04 18:20:18,398] - [ERROR] - 未定位到元素：com.youcai.android:id/home_tab_mine
[2018-03-04 18:29:10,207] - [INFO] - 手机设备为：WWOVPJ9T99999999
[2018-03-04 18:29:10,396] - [INFO] - 手机版本号为：5.1

[2018-03-04 18:29:53,492] - [INFO] - 获取driver成功
[2018-03-04 18:30:45,693] - [ERROR] - 未定位到元素：养猫的神经病
